<?xml version="1.0" encoding="UTF-8"?>
<!-- Generated by org.testng.reporters.JUnitXMLReporter -->
<testsuite ignored="0" hostname="LAPTOP-DUAES1UI" failures="2" tests="2" name="Chrome Test" time="31.375" errors="0" timestamp="2025-11-14T21:50:04 IST">
  <testcase classname="qa.tests.Testcase1" name="enteringCredentials" time="4.709">
    <failure type="java.lang.AssertionError" message="Intentional failure to capture screenshot">
      <![CDATA[java.lang.AssertionError: Intentional failure to capture screenshot
at qa.tests.Testcase1.enteringCredentials(Testcase1.java:28)
at java.base/java.util.ArrayList.forEach(ArrayList.java:1596)
... Removed 26 stack frames]]>
    </failure>
  </testcase> <!-- enteringCredentials -->
  <testcase classname="qa.tests.Testcase1" name="enteringCredentials" time="5.367">
    <failure type="java.lang.AssertionError" message="Intentional failure to capture screenshot">
      <![CDATA[java.lang.AssertionError: Intentional failure to capture screenshot
at qa.tests.Testcase1.enteringCredentials(Testcase1.java:28)
at java.base/java.util.ArrayList.forEach(ArrayList.java:1596)
... Removed 26 stack frames]]>
    </failure>
  </testcase> <!-- enteringCredentials -->
</testsuite> <!-- Chrome Test -->
