<?xml version="1.0" encoding="UTF-8"?>
<!-- Generated by org.testng.reporters.JUnitXMLReporter -->
<testsuite ignored="2" hostname="LAPTOP-DUAES1UI" failures="3" tests="3" name="Chrome-Local" time="227.116" errors="0" timestamp="2025-11-14T23:12:09 IST">
  <testcase classname="qa.tests.Testcase1" name="enteringCredentials" time="41.527">
    <failure type="java.lang.AssertionError" message="Intentional failure to capture screenshot">
      <![CDATA[java.lang.AssertionError: Intentional failure to capture screenshot
at qa.tests.Testcase1.enteringCredentials(Testcase1.java:28)
at java.base/java.util.ArrayList.forEach(ArrayList.java:1596)
at java.base/java.util.concurrent.FutureTask.run(FutureTask.java:317)
at java.base/java.util.concurrent.ThreadPoolExecutor.runWorker(ThreadPoolExecutor.java:1144)
at java.base/java.util.concurrent.ThreadPoolExecutor$Worker.run(ThreadPoolExecutor.java:642)
at java.base/java.lang.Thread.run(Thread.java:1583)
... Removed 16 stack frames]]>
    </failure>
  </testcase> <!-- enteringCredentials -->
  <testcase classname="qa.tests.Testcase1" name="enteringCredentials" time="34.298">
    <failure type="java.lang.AssertionError" message="Intentional failure to capture screenshot">
      <![CDATA[java.lang.AssertionError: Intentional failure to capture screenshot
at qa.tests.Testcase1.enteringCredentials(Testcase1.java:28)
at java.base/java.util.ArrayList.forEach(ArrayList.java:1596)
at java.base/java.util.concurrent.FutureTask.run(FutureTask.java:317)
at java.base/java.util.concurrent.ThreadPoolExecutor.runWorker(ThreadPoolExecutor.java:1144)
at java.base/java.util.concurrent.ThreadPoolExecutor$Worker.run(ThreadPoolExecutor.java:642)
at java.base/java.lang.Thread.run(Thread.java:1583)
... Removed 16 stack frames]]>
    </failure>
  </testcase> <!-- enteringCredentials -->
  <testcase classname="qa.tests.Testcase2" name="verifyScreenshotFunctionality" time="0.024">
    <failure type="java.lang.AssertionError" message="Intentional failure to capture screenshot">
      <![CDATA[java.lang.AssertionError: Intentional failure to capture screenshot
at qa.tests.Testcase2.verifyScreenshotFunctionality(Testcase2.java:21)
at java.base/java.util.ArrayList.forEach(ArrayList.java:1596)
at java.base/java.util.concurrent.FutureTask.run(FutureTask.java:317)
at java.base/java.util.concurrent.ThreadPoolExecutor.runWorker(ThreadPoolExecutor.java:1144)
at java.base/java.util.concurrent.ThreadPoolExecutor$Worker.run(ThreadPoolExecutor.java:642)
at java.base/java.lang.Thread.run(Thread.java:1583)
... Removed 16 stack frames]]>
    </failure>
  </testcase> <!-- verifyScreenshotFunctionality -->
  <testcase classname="base.BaseTest" name="@AfterSuite tearDown" time="0.0">
    <ignored/>
  </testcase> <!-- @AfterSuite tearDown -->
  <testcase classname="base.BaseTest" name="@BeforeSuite setupExtent" time="0.0">
    <ignored/>
  </testcase> <!-- @BeforeSuite setupExtent -->
</testsuite> <!-- Chrome-Local -->
