<?xml version="1.0" encoding="UTF-8"?>
<!-- Generated by org.testng.reporters.JUnitXMLReporter -->
<testsuite ignored="0" hostname="LAPTOP-DUAES1UI" failures="0" tests="2" name="Firefox-Local" time="154.888" errors="0" timestamp="2025-11-14T23:10:57 IST">
  <testcase classname="qa.tests.Testcase1" name="enteringCredentials" time="0.001">
    <skipped/>
  </testcase> <!-- enteringCredentials -->
  <testcase classname="qa.tests.Testcase1" name="enteringCredentials" time="0.001">
    <skipped/>
  </testcase> <!-- enteringCredentials -->
</testsuite> <!-- Firefox-Local -->
