<?xml version="1.0" encoding="UTF-8"?>
<!-- Generated by org.testng.reporters.JUnitXMLReporter -->
<testsuite ignored="0" hostname="LAPTOP-DUAES1UI" failures="1" tests="1" name="UI Test" time="15.023" errors="0" timestamp="2025-10-10T13:58:26 IST">
  <testcase classname="qa.tests.Testcase1" name="enteringCredentials" time="4.257">
    <failure type="java.lang.AssertionError" message="Element Not Found expected [true] but found [false]">
      <![CDATA[java.lang.AssertionError: Element Not Found expected [true] but found [false]
at pages.LoginPageEvents.verifyIfLoginPageIsLoaded(LoginPageEvents.java:14)
at qa.tests.Testcase1.enteringCredentials(Testcase1.java:17)
at java.base/java.util.ArrayList.forEach(ArrayList.java:1596)
... Removed 28 stack frames]]>
    </failure>
  </testcase> <!-- enteringCredentials -->
</testsuite> <!-- UI Test -->
