<?xml version="1.0" encoding="UTF-8"?>
<!-- Generated by org.testng.reporters.JUnitReportReporter -->
<testsuite hostname="LAPTOP-DUAES1UI" failures="0" tests="3" name="restAssured.Library_API" time="22.841" errors="0" timestamp="2025-11-24T16:09:16 IST" skipped="0">
  <testcase classname="restAssured.Library_API" name="addBook" time="0.434"/>
  <testcase classname="restAssured.Library_API" name="addBook" time="0.495"/>
  <testcase classname="restAssured.Library_API" name="addBook" time="21.912"/>
</testsuite> <!-- restAssured.Library_API -->
