<?xml version="1.0" encoding="UTF-8"?>
<!-- Generated by org.testng.reporters.JUnitReportReporter -->
<testsuite hostname="LAPTOP-DUAES1UI" failures="0" tests="3" name="restAssured.JiraBugTicketsCreation" time="7.590" errors="0" timestamp="2025-11-25T19:53:24 IST" skipped="0">
  <testcase classname="restAssured.JiraBugTicketsCreation" name="createBug" time="3.812"/>
  <testcase classname="restAssured.JiraBugTicketsCreation" name="attachmentToBug" time="2.293"/>
  <testcase classname="restAssured.JiraBugTicketsCreation" name="getBug" time="1.485"/>
</testsuite> <!-- restAssured.JiraBugTicketsCreation -->
